<?xml version="1.0" encoding="UTF-8"?>
<testsuite name="com.example.JakSim.TstApplicationTests" tests="1" skipped="0" failures="0" errors="0" timestamp="2023-05-01T08:26:34" hostname="jeongsumin-ui-MacBookAir.local" time="0.961">
  <properties/>
  <testcase name="JDBC 성공했나?" classname="com.example.JakSim.TstApplicationTests" time="0.961"/>
  <system-out><![CDATA[17:26:33.025 [Test worker] DEBUG org.springframework.test.context.BootstrapUtils - Instantiating CacheAwareContextLoaderDelegate from class [org.springframework.test.context.cache.DefaultCacheAwareContextLoaderDelegate]
17:26:33.031 [Test worker] DEBUG org.springframework.test.context.BootstrapUtils - Instantiating BootstrapContext using constructor [public org.springframework.test.context.support.DefaultBootstrapContext(java.lang.Class,org.springframework.test.context.CacheAwareContextLoaderDelegate)]
17:26:33.045 [Test worker] DEBUG org.springframework.test.context.BootstrapUtils - Instantiating TestContextBootstrapper for test class [com.example.JakSim.TstApplicationTests] from class [org.springframework.boot.test.context.SpringBootTestContextBootstrapper]
17:26:33.051 [Test worker] INFO org.springframework.boot.test.context.SpringBootTestContextBootstrapper - Neither @ContextConfiguration nor @ContextHierarchy found for test class [com.example.JakSim.TstApplicationTests], using SpringBootContextLoader
17:26:33.053 [Test worker] DEBUG org.springframework.test.context.support.AbstractContextLoader - Did not detect default resource location for test class [com.example.JakSim.TstApplicationTests]: class path resource [com/example/JakSim/TstApplicationTests-context.xml] does not exist
17:26:33.053 [Test worker] DEBUG org.springframework.test.context.support.AbstractContextLoader - Did not detect default resource location for test class [com.example.JakSim.TstApplicationTests]: class path resource [com/example/JakSim/TstApplicationTestsContext.groovy] does not exist
17:26:33.053 [Test worker] INFO org.springframework.test.context.support.AbstractContextLoader - Could not detect default resource locations for test class [com.example.JakSim.TstApplicationTests]: no resource found for suffixes {-context.xml, Context.groovy}.
17:26:33.054 [Test worker] INFO org.springframework.test.context.support.AnnotationConfigContextLoaderUtils - Could not detect default configuration classes for test class [com.example.JakSim.TstApplicationTests]: TstApplicationTests does not declare any static, non-private, non-final, nested classes annotated with @Configuration.
17:26:33.073 [Test worker] DEBUG org.springframework.test.context.support.ActiveProfilesUtils - Could not find an 'annotation declaring class' for annotation type [org.springframework.test.context.ActiveProfiles] and class [com.example.JakSim.TstApplicationTests]
17:26:33.108 [Test worker] DEBUG org.springframework.context.annotation.ClassPathScanningCandidateComponentProvider - Identified candidate component class: file [/Users/syum_in/Desktop/study/JakSim/build/classes/java/main/com/example/JakSim/TstApplication.class]
17:26:33.110 [Test worker] INFO org.springframework.boot.test.context.SpringBootTestContextBootstrapper - Found @SpringBootConfiguration com.example.JakSim.TstApplication for test class com.example.JakSim.TstApplicationTests
17:26:33.153 [Test worker] DEBUG org.springframework.boot.test.context.SpringBootTestContextBootstrapper - @TestExecutionListeners is not present for class [com.example.JakSim.TstApplicationTests]: using defaults.
17:26:33.154 [Test worker] INFO org.springframework.boot.test.context.SpringBootTestContextBootstrapper - Loaded default TestExecutionListener class names from location [META-INF/spring.factories]: [org.springframework.boot.test.autoconfigure.restdocs.RestDocsTestExecutionListener, org.springframework.boot.test.autoconfigure.web.client.MockRestServiceServerResetTestExecutionListener, org.springframework.boot.test.autoconfigure.web.servlet.MockMvcPrintOnlyOnFailureTestExecutionListener, org.springframework.boot.test.autoconfigure.web.servlet.WebDriverTestExecutionListener, org.springframework.boot.test.autoconfigure.webservices.client.MockWebServiceServerTestExecutionListener, org.springframework.boot.test.mock.mockito.MockitoTestExecutionListener, org.springframework.boot.test.mock.mockito.ResetMocksTestExecutionListener, org.springframework.test.context.web.ServletTestExecutionListener, org.springframework.test.context.support.DirtiesContextBeforeModesTestExecutionListener, org.springframework.test.context.event.ApplicationEventsTestExecutionListener, org.springframework.test.context.support.DependencyInjectionTestExecutionListener, org.springframework.test.context.support.DirtiesContextTestExecutionListener, org.springframework.test.context.transaction.TransactionalTestExecutionListener, org.springframework.test.context.jdbc.SqlScriptsTestExecutionListener, org.springframework.test.context.event.EventPublishingTestExecutionListener]
17:26:33.163 [Test worker] INFO org.springframework.boot.test.context.SpringBootTestContextBootstrapper - Using TestExecutionListeners: [org.springframework.test.context.web.ServletTestExecutionListener@21680803, org.springframework.test.context.support.DirtiesContextBeforeModesTestExecutionListener@588ab592, org.springframework.test.context.event.ApplicationEventsTestExecutionListener@c8b96ec, org.springframework.boot.test.mock.mockito.MockitoTestExecutionListener@4cc61eb1, org.springframework.boot.test.autoconfigure.SpringBootDependencyInjectionTestExecutionListener@2d8f2f3a, org.springframework.test.context.support.DirtiesContextTestExecutionListener@2024293c, org.springframework.test.context.transaction.TransactionalTestExecutionListener@7048f722, org.springframework.test.context.jdbc.SqlScriptsTestExecutionListener@c074c0c, org.springframework.test.context.event.EventPublishingTestExecutionListener@58a55449, org.springframework.boot.test.autoconfigure.restdocs.RestDocsTestExecutionListener@5949eba8, org.springframework.boot.test.autoconfigure.web.client.MockRestServiceServerResetTestExecutionListener@6e0ff644, org.springframework.boot.test.autoconfigure.web.servlet.MockMvcPrintOnlyOnFailureTestExecutionListener@58dea0a5, org.springframework.boot.test.autoconfigure.web.servlet.WebDriverTestExecutionListener@2a2bb0eb, org.springframework.boot.test.autoconfigure.webservices.client.MockWebServiceServerTestExecutionListener@3c291aad, org.springframework.boot.test.mock.mockito.ResetMocksTestExecutionListener@2d0566ba]
17:26:33.165 [Test worker] DEBUG org.springframework.test.context.support.AbstractDirtiesContextTestExecutionListener - Before test class: context [DefaultTestContext@7bdf6bb7 testClass = TstApplicationTests, testInstance = [null], testMethod = [null], testException = [null], mergedContextConfiguration = [WebMergedContextConfiguration@1bc53649 testClass = TstApplicationTests, locations = '{}', classes = '{class com.example.JakSim.TstApplication}', contextInitializerClasses = '[]', activeProfiles = '{}', propertySourceLocations = '{}', propertySourceProperties = '{org.springframework.boot.test.context.SpringBootTestContextBootstrapper=true}', contextCustomizers = set[org.springframework.boot.test.autoconfigure.actuate.metrics.MetricsExportContextCustomizerFactory$DisableMetricExportContextCustomizer@3b7ff809, org.springframework.boot.test.autoconfigure.properties.PropertyMappingContextCustomizer@0, org.springframework.boot.test.autoconfigure.web.servlet.WebDriverContextCustomizerFactory$Customizer@674658f7, org.springframework.boot.test.context.filter.ExcludeFilterContextCustomizer@58c34bb3, org.springframework.boot.test.json.DuplicateJsonObjectContextCustomizerFactory$DuplicateJsonObjectContextCustomizer@1698fc68, org.springframework.boot.test.mock.mockito.MockitoContextCustomizer@0, org.springframework.boot.test.web.client.TestRestTemplateContextCustomizer@b78a709, org.springframework.boot.test.context.SpringBootTestArgs@1, org.springframework.boot.test.context.SpringBootTestWebEnvironment@4c2bb6e0], resourceBasePath = 'src/main/webapp', contextLoader = 'org.springframework.boot.test.context.SpringBootContextLoader', parent = [null]], attributes = map['org.springframework.test.context.web.ServletTestExecutionListener.activateListener' -> true]], class annotated with @DirtiesContext [false] with mode [null].

  .   ____          _            __ _ _
 /\\ / ___'_ __ _ _(_)_ __  __ _ \ \ \ \
( ( )\___ | '_ | '_| | '_ \/ _` | \ \ \ \
 \\/  ___)| |_)| | | | | || (_| |  ) ) ) )
  '  |____| .__|_| |_|_| |_\__, | / / / /
 =========|_|==============|___/=/_/_/_/
?[32m :: Spring Boot :: ?[39m             ?[2m (v2.7.11)?[0;39m

?[2m2023-05-01 17:26:33.334?[0;39m ?[32m INFO?[0;39m ?[35m15148?[0;39m ?[2m---?[0;39m ?[2m[    Test worker]?[0;39m ?[36mcom.example.JakSim.TstApplicationTests  ?[0;39m ?[2m:?[0;39m Starting TstApplicationTests using Java 11.0.17 on jeongsumin-ui-MacBookAir.local with PID 15148 (started by syum_in in /Users/syum_in/Desktop/study/JakSim)
?[2m2023-05-01 17:26:33.334?[0;39m ?[32m INFO?[0;39m ?[35m15148?[0;39m ?[2m---?[0;39m ?[2m[    Test worker]?[0;39m ?[36mcom.example.JakSim.TstApplicationTests  ?[0;39m ?[2m:?[0;39m No active profile set, falling back to 1 default profile: "default"
?[2m2023-05-01 17:26:34.383?[0;39m ?[32m INFO?[0;39m ?[35m15148?[0;39m ?[2m---?[0;39m ?[2m[    Test worker]?[0;39m ?[36mcom.example.JakSim.TstApplicationTests  ?[0;39m ?[2m:?[0;39m Started TstApplicationTests in 1.193 seconds (JVM running for 1.786)
UserInfo{user_id='hye8997', user_name='정혜화', user_gender=1, user_tel='01012341234', user_pw='123123', user_question=0, user_answer='전라남도 해남군', user_type=1, user_birth='1989-03-30 00:00:00', user_c_dt='2023-05-01 08:26:17'}
]]></system-out>
  <system-err><![CDATA[]]></system-err>
</testsuite>
