<?xml version="1.0" encoding="UTF-8"?>
<testsuite name="com.example.JakSim.TstApplicationTests" tests="3" skipped="0" failures="0" errors="0" timestamp="2023-04-30T16:07:01" hostname="민상" time="0.565">
  <properties/>
  <testcase name="testConnection()" classname="com.example.JakSim.TstApplicationTests" time="0.537"/>
  <testcase name="JDBC 성공했나?" classname="com.example.JakSim.TstApplicationTests" time="0.024"/>
  <testcase name="contextLoads()" classname="com.example.JakSim.TstApplicationTests" time="0.002"/>
  <system-out><![CDATA[01:06:59.577 [Test worker] DEBUG org.springframework.test.context.BootstrapUtils - Instantiating CacheAwareContextLoaderDelegate from class [org.springframework.test.context.cache.DefaultCacheAwareContextLoaderDelegate]
01:06:59.583 [Test worker] DEBUG org.springframework.test.context.BootstrapUtils - Instantiating BootstrapContext using constructor [public org.springframework.test.context.support.DefaultBootstrapContext(java.lang.Class,org.springframework.test.context.CacheAwareContextLoaderDelegate)]
01:06:59.602 [Test worker] DEBUG org.springframework.test.context.BootstrapUtils - Instantiating TestContextBootstrapper for test class [com.example.JakSim.TstApplicationTests] from class [org.springframework.boot.test.context.SpringBootTestContextBootstrapper]
01:06:59.609 [Test worker] INFO org.springframework.boot.test.context.SpringBootTestContextBootstrapper - Neither @ContextConfiguration nor @ContextHierarchy found for test class [com.example.JakSim.TstApplicationTests], using SpringBootContextLoader
01:06:59.611 [Test worker] DEBUG org.springframework.test.context.support.AbstractContextLoader - Did not detect default resource location for test class [com.example.JakSim.TstApplicationTests]: class path resource [com/example/JakSim/TstApplicationTests-context.xml] does not exist
01:06:59.612 [Test worker] DEBUG org.springframework.test.context.support.AbstractContextLoader - Did not detect default resource location for test class [com.example.JakSim.TstApplicationTests]: class path resource [com/example/JakSim/TstApplicationTestsContext.groovy] does not exist
01:06:59.612 [Test worker] INFO org.springframework.test.context.support.AbstractContextLoader - Could not detect default resource locations for test class [com.example.JakSim.TstApplicationTests]: no resource found for suffixes {-context.xml, Context.groovy}.
01:06:59.612 [Test worker] INFO org.springframework.test.context.support.AnnotationConfigContextLoaderUtils - Could not detect default configuration classes for test class [com.example.JakSim.TstApplicationTests]: TstApplicationTests does not declare any static, non-private, non-final, nested classes annotated with @Configuration.
01:06:59.636 [Test worker] DEBUG org.springframework.test.context.support.ActiveProfilesUtils - Could not find an 'annotation declaring class' for annotation type [org.springframework.test.context.ActiveProfiles] and class [com.example.JakSim.TstApplicationTests]
01:06:59.677 [Test worker] DEBUG org.springframework.context.annotation.ClassPathScanningCandidateComponentProvider - Identified candidate component class: file [C:\projects\인프런\hello-spring\JakSim\build\classes\java\main\com\example\JakSim\TstApplication.class]
01:06:59.678 [Test worker] INFO org.springframework.boot.test.context.SpringBootTestContextBootstrapper - Found @SpringBootConfiguration com.example.JakSim.TstApplication for test class com.example.JakSim.TstApplicationTests
01:06:59.742 [Test worker] DEBUG org.springframework.boot.test.context.SpringBootTestContextBootstrapper - @TestExecutionListeners is not present for class [com.example.JakSim.TstApplicationTests]: using defaults.
01:06:59.743 [Test worker] INFO org.springframework.boot.test.context.SpringBootTestContextBootstrapper - Loaded default TestExecutionListener class names from location [META-INF/spring.factories]: [org.springframework.boot.test.autoconfigure.restdocs.RestDocsTestExecutionListener, org.springframework.boot.test.autoconfigure.web.client.MockRestServiceServerResetTestExecutionListener, org.springframework.boot.test.autoconfigure.web.servlet.MockMvcPrintOnlyOnFailureTestExecutionListener, org.springframework.boot.test.autoconfigure.web.servlet.WebDriverTestExecutionListener, org.springframework.boot.test.autoconfigure.webservices.client.MockWebServiceServerTestExecutionListener, org.springframework.boot.test.mock.mockito.MockitoTestExecutionListener, org.springframework.boot.test.mock.mockito.ResetMocksTestExecutionListener, org.springframework.test.context.web.ServletTestExecutionListener, org.springframework.test.context.support.DirtiesContextBeforeModesTestExecutionListener, org.springframework.test.context.event.ApplicationEventsTestExecutionListener, org.springframework.test.context.support.DependencyInjectionTestExecutionListener, org.springframework.test.context.support.DirtiesContextTestExecutionListener, org.springframework.test.context.transaction.TransactionalTestExecutionListener, org.springframework.test.context.jdbc.SqlScriptsTestExecutionListener, org.springframework.test.context.event.EventPublishingTestExecutionListener]
01:06:59.753 [Test worker] INFO org.springframework.boot.test.context.SpringBootTestContextBootstrapper - Using TestExecutionListeners: [org.springframework.test.context.web.ServletTestExecutionListener@79f227a9, org.springframework.test.context.support.DirtiesContextBeforeModesTestExecutionListener@6ca320ab, org.springframework.test.context.event.ApplicationEventsTestExecutionListener@50d68830, org.springframework.boot.test.mock.mockito.MockitoTestExecutionListener@1e53135d, org.springframework.boot.test.autoconfigure.SpringBootDependencyInjectionTestExecutionListener@7674a051, org.springframework.test.context.support.DirtiesContextTestExecutionListener@3a7704c, org.springframework.test.context.transaction.TransactionalTestExecutionListener@6754ef00, org.springframework.test.context.jdbc.SqlScriptsTestExecutionListener@619bd14c, org.springframework.test.context.event.EventPublishingTestExecutionListener@323e8306, org.springframework.boot.test.autoconfigure.restdocs.RestDocsTestExecutionListener@a23a01d, org.springframework.boot.test.autoconfigure.web.client.MockRestServiceServerResetTestExecutionListener@4acf72b6, org.springframework.boot.test.autoconfigure.web.servlet.MockMvcPrintOnlyOnFailureTestExecutionListener@7561db12, org.springframework.boot.test.autoconfigure.web.servlet.WebDriverTestExecutionListener@3301500b, org.springframework.boot.test.autoconfigure.webservices.client.MockWebServiceServerTestExecutionListener@24b52d3e, org.springframework.boot.test.mock.mockito.ResetMocksTestExecutionListener@15deb1dc]
01:06:59.756 [Test worker] DEBUG org.springframework.test.context.support.AbstractDirtiesContextTestExecutionListener - Before test class: context [DefaultTestContext@54a3ab8f testClass = TstApplicationTests, testInstance = [null], testMethod = [null], testException = [null], mergedContextConfiguration = [WebMergedContextConfiguration@1968a49c testClass = TstApplicationTests, locations = '{}', classes = '{class com.example.JakSim.TstApplication}', contextInitializerClasses = '[]', activeProfiles = '{}', propertySourceLocations = '{}', propertySourceProperties = '{org.springframework.boot.test.context.SpringBootTestContextBootstrapper=true}', contextCustomizers = set[org.springframework.boot.test.autoconfigure.actuate.metrics.MetricsExportContextCustomizerFactory$DisableMetricExportContextCustomizer@129b4fe2, org.springframework.boot.test.autoconfigure.properties.PropertyMappingContextCustomizer@0, org.springframework.boot.test.autoconfigure.web.servlet.WebDriverContextCustomizerFactory$Customizer@60dce7ea, org.springframework.boot.test.context.filter.ExcludeFilterContextCustomizer@1ef3efa8, org.springframework.boot.test.json.DuplicateJsonObjectContextCustomizerFactory$DuplicateJsonObjectContextCustomizer@5c3b6c6e, org.springframework.boot.test.mock.mockito.MockitoContextCustomizer@0, org.springframework.boot.test.web.client.TestRestTemplateContextCustomizer@14c01636, org.springframework.boot.test.context.SpringBootTestArgs@1, org.springframework.boot.test.context.SpringBootTestWebEnvironment@72ef8d15], resourceBasePath = 'src/main/webapp', contextLoader = 'org.springframework.boot.test.context.SpringBootContextLoader', parent = [null]], attributes = map['org.springframework.test.context.web.ServletTestExecutionListener.activateListener' -> true]], class annotated with @DirtiesContext [false] with mode [null].

  .   ____          _            __ _ _
 /\\ / ___'_ __ _ _(_)_ __  __ _ \ \ \ \
( ( )\___ | '_ | '_| | '_ \/ _` | \ \ \ \
 \\/  ___)| |_)| | | | | || (_| |  ) ) ) )
  '  |____| .__|_| |_|_| |_\__, | / / / /
 =========|_|==============|___/=/_/_/_/
 :: Spring Boot ::               (v2.7.11)

2023-05-01 01:06:59.961  INFO 12628 --- [    Test worker] com.example.JakSim.TstApplicationTests   : Starting TstApplicationTests using Java 11.0.18 on 민상 with PID 12628 (started by i9412 in C:\projects\인프런\hello-spring\JakSim)
2023-05-01 01:06:59.962  INFO 12628 --- [    Test worker] com.example.JakSim.TstApplicationTests   : No active profile set, falling back to 1 default profile: "default"
2023-05-01 01:07:01.264  INFO 12628 --- [    Test worker] com.example.JakSim.TstApplicationTests   : Started TstApplicationTests in 1.484 seconds (JVM running for 2.284)
hye8997
정혜화
UserInfo{user_id='hye8997', user_name='정혜화', user_gender=1, user_tel='01012341234', user_pw='123123', user_question=0, user_answer='전라남도 해남군', user_type=1, user_birth='1989-03-30 00:00:00', user_c_dt='2023-05-01 01:06:15'}
]]></system-out>
  <system-err><![CDATA[]]></system-err>
</testsuite>
